16:57:13 02/05/15 jorge PROPRO INFO Inicio de propro 
 			 Cantidad de archivos a procesar: 1
16:57:13 02/05/15 jorge PROPRO INFO Protocolizando Peron1_DIS_1001_11_04-06-1947
16:57:26 02/05/15 jorge PROPRO INFO Inicio de propro 
 			 Cantidad de archivos a procesar: 1
16:57:26 02/05/15 jorge PROPRO INFO Protocolizando Peron1_DIS_1001_11_04-06-1947
17:00:00 02/05/15 jorge PROPRO INFO Inicio de propro 
 			 Cantidad de archivos a procesar: 1
17:00:00 02/05/15 jorge PROPRO INFO Protocolizando Peron1_DIS_1001_11_04-06-1947
17:00:28 02/05/15 jorge PROPRO INFO Inicio de propro 
 			 Cantidad de archivos a procesar: 1
17:00:28 02/05/15 jorge PROPRO INFO Protocolizando Peron1_DIS_1001_11_04-06-1947
17:04:44 02/05/15 jorge PROPRO INFO Inicio de propro 
 			 Cantidad de archivos a procesar: 1
17:04:44 02/05/15 jorge PROPRO INFO Protocolizando Peron1_DIS_1001_11_04-06-1947
17:05:53 02/05/15 jorge PROPRO INFO Inicio de propro 
 			 Cantidad de archivos a procesar: 1
17:05:53 02/05/15 jorge PROPRO INFO Protocolizando Peron1_DIS_1001_11_04-06-1947
17:06:37 02/05/15 jorge PROPRO INFO Inicio de propro 
 			 Cantidad de archivos a procesar: 1
17:06:37 02/05/15 jorge PROPRO INFO Protocolizando Peron1_DIS_1001_11_04-06-1947
17:08:55 02/05/15 jorge PROPRO INFO Inicio de propro 
 			 Cantidad de archivos a procesar: 1
17:08:55 02/05/15 jorge PROPRO INFO Protocolizando Peron1_DIS_1001_11_04-06-1947
17:09:06 02/05/15 jorge PROPRO INFO Inicio de propro 
 			 Cantidad de archivos a procesar: 1
17:09:06 02/05/15 jorge PROPRO INFO Protocolizando Peron1_DIS_1001_11_04-06-1947
17:10:16 02/05/15 jorge PROPRO INFO Inicio de propro 
 			 Cantidad de archivos a procesar: 1
17:10:16 02/05/15 jorge PROPRO INFO Protocolizando Peron1_DIS_1001_11_04-06-1947
17:11:10 02/05/15 jorge PROPRO INFO Inicio de propro 
 			 Cantidad de archivos a procesar: 1
17:11:10 02/05/15 jorge PROPRO INFO Protocolizando Peron1_DIS_1001_11_04-06-1947
17:17:05 02/05/15 jorge PROPRO INFO Inicio de propro 
 			 Cantidad de archivos a procesar: 1
17:17:05 02/05/15 jorge PROPRO INFO Protocolizando Peron1_DIS_1001_11_04-06-1947
17:17:29 02/05/15 jorge PROPRO INFO Inicio de propro 
 			 Cantidad de archivos a procesar: 2
17:17:29 02/05/15 jorge PROPRO INFO Protocolizando Fernandez2_CON_1001_11_10-12-2012~
17:17:29 02/05/15 jorge PROPRO INFO El numero de firma es invalido. Se rechaza el archivo
17:17:29 02/05/15 jorge PROPRO INFO Protocolizando Fernandez2_CON_1001_11_10-12-2012.txt
17:17:42 02/05/15 jorge PROPRO INFO Inicio de propro 
 			 Cantidad de archivos a procesar: 2
17:17:42 02/05/15 jorge PROPRO INFO Protocolizando Fernandez2_CON_1001_11_10-12-2012~
17:17:42 02/05/15 jorge PROPRO INFO El numero de firma es invalido. Se rechaza el archivo
17:17:42 02/05/15 jorge PROPRO INFO Protocolizando Fernandez2_CON_1001_11_10-12-2012.txt
17:18:59 02/05/15 jorge PROPRO INFO Inicio de propro 
 			 Cantidad de archivos a procesar: 1
17:18:59 02/05/15 jorge PROPRO INFO Protocolizando Fernandez2_CON_1001_11_10-12-2012.txt
17:19:30 02/05/15 jorge PROPRO INFO Inicio de propro 
 			 Cantidad de archivos a procesar: 1
17:19:30 02/05/15 jorge PROPRO INFO Protocolizando Fernandez2_CON_1001_11_10-12-2012.txt
17:20:26 02/05/15 jorge PROPRO INFO Inicio de propro 
 			 Cantidad de archivos a procesar: 1
17:20:26 02/05/15 jorge PROPRO INFO Protocolizando Fernandez2_CON_1001_11_10-12-2012.txt
